# JRE version: Java(TM) SE Runtime Environment (8.0_181-b13) (build 1.8.0_181-b13)
# Java VM: Java HotSpot(TM) 64-Bit Server VM (25.181-b13 mixed mode linux-amd64 compressed oops)
Heap:
 PSYoungGen      total 242688K, used 12267K [0x00000000eb980000, 0x00000000fb700000, 0x0000000100000000)
  eden space 230400K, 0% used [0x00000000eb980000,0x00000000eb980000,0x00000000f9a80000)
  from space 12288K, 99% used [0x00000000f9f00000,0x00000000faafac98,0x00000000fab00000)
  to   space 11264K, 0% used [0x00000000fac00000,0x00000000fac00000,0x00000000fb700000)
 ParOldGen       total 52736K, used 27868K [0x00000000c2c00000, 0x00000000c5f80000, 0x00000000eb980000)
  object space 52736K, 52% used [0x00000000c2c00000,0x00000000c4737320,0x00000000c5f80000)
 Metaspace       used 50321K, capacity 52146K, committed 52392K, reserved 1095680K
  class space    used 6700K, capacity 7054K, committed 7080K, reserved 1048576K
GC Heap History (10 events):
Event: 8.093 GC heap after
Heap after GC invocations=10 (full 1):
 PSYoungGen      total 133120K, used 5902K [0x00000000eb980000, 0x00000000f7680000, 0x0000000100000000)
  eden space 124928K, 0% used [0x00000000eb980000,0x00000000eb980000,0x00000000f3380000)
  from space 8192K, 72% used [0x00000000f3380000,0x00000000f3943890,0x00000000f3b80000)
  to   space 8192K, 0% used [0x00000000f6e80000,0x00000000f6e80000,0x00000000f7680000)
 ParOldGen       total 28672K, used 5228K [0x00000000c2c00000, 0x00000000c4800000, 0x00000000eb980000)
  object space 28672K, 18% used [0x00000000c2c00000,0x00000000c311b200,0x00000000c4800000)
 Metaspace       used 24448K, capacity 25186K, committed 25392K, reserved 1071104K
  class space    used 3112K, capacity 3320K, committed 3376K, reserved 1048576K
}
Event: 12.092 GC heap before
{Heap before GC invocations=11 (full 1):
 PSYoungGen      total 133120K, used 130830K [0x00000000eb980000, 0x00000000f7680000, 0x0000000100000000)
  eden space 124928K, 100% used [0x00000000eb980000,0x00000000f3380000,0x00000000f3380000)
  from space 8192K, 72% used [0x00000000f3380000,0x00000000f3943890,0x00000000f3b80000)
  to   space 8192K, 0% used [0x00000000f6e80000,0x00000000f6e80000,0x00000000f7680000)
 ParOldGen       total 28672K, used 5228K [0x00000000c2c00000, 0x00000000c4800000, 0x00000000eb980000)
  object space 28672K, 18% used [0x00000000c2c00000,0x00000000c311b200,0x00000000c4800000)
 Metaspace       used 29454K, capacity 30326K, committed 30384K, reserved 1075200K
  class space    used 3754K, capacity 3980K, committed 4016K, reserved 1048576K
Event: 12.122 GC heap after
Heap after GC invocations=11 (full 1):
 PSYoungGen      total 181248K, used 8190K [0x00000000eb980000, 0x00000000f7780000, 0x0000000100000000)
  eden space 173056K, 0% used [0x00000000eb980000,0x00000000eb980000,0x00000000f6280000)
  from space 8192K, 99% used [0x00000000f6e80000,0x00000000f767f998,0x00000000f7680000)
  to   space 10752K, 0% used [0x00000000f6280000,0x00000000f6280000,0x00000000f6d00000)
 ParOldGen       total 28672K, used 8682K [0x00000000c2c00000, 0x00000000c4800000, 0x00000000eb980000)
  object space 28672K, 30% used [0x00000000c2c00000,0x00000000c347a940,0x00000000c4800000)
 Metaspace       used 29454K, capacity 30326K, committed 30384K, reserved 1075200K
  class space    used 3754K, capacity 3980K, committed 4016K, reserved 1048576K
}
Event: 15.828 GC heap before
{Heap before GC invocations=12 (full 1):
 PSYoungGen      total 181248K, used 133980K [0x00000000eb980000, 0x00000000f7780000, 0x0000000100000000)
  eden space 173056K, 72% used [0x00000000eb980000,0x00000000f34577e0,0x00000000f6280000)
  from space 8192K, 99% used [0x00000000f6e80000,0x00000000f767f998,0x00000000f7680000)
  to   space 10752K, 0% used [0x00000000f6280000,0x00000000f6280000,0x00000000f6d00000)
 ParOldGen       total 28672K, used 8682K [0x00000000c2c00000, 0x00000000c4800000, 0x00000000eb980000)
  object space 28672K, 30% used [0x00000000c2c00000,0x00000000c347a940,0x00000000c4800000)
 Metaspace       used 34363K, capacity 35370K, committed 35496K, reserved 1079296K
  class space    used 4440K, capacity 4702K, committed 4776K, reserved 1048576K
Event: 15.903 GC heap after
Heap after GC invocations=12 (full 1):
 PSYoungGen      total 183808K, used 7260K [0x00000000eb980000, 0x00000000fb700000, 0x0000000100000000)
  eden space 173056K, 0% used [0x00000000eb980000,0x00000000eb980000,0x00000000f6280000)
  from space 10752K, 67% used [0x00000000f6280000,0x00000000f6997230,0x00000000f6d00000)
  to   space 11264K, 0% used [0x00000000fac00000,0x00000000fac00000,0x00000000fb700000)
 ParOldGen       total 28672K, used 15124K [0x00000000c2c00000, 0x00000000c4800000, 0x00000000eb980000)
  object space 28672K, 52% used [0x00000000c2c00000,0x00000000c3ac5250,0x00000000c4800000)
 Metaspace       used 34363K, capacity 35370K, committed 35496K, reserved 1079296K
  class space    used 4440K, capacity 4702K, committed 4776K, reserved 1048576K
}
Event: 15.903 GC heap before
{Heap before GC invocations=13 (full 2):
 PSYoungGen      total 183808K, used 7260K [0x00000000eb980000, 0x00000000fb700000, 0x0000000100000000)
  eden space 173056K, 0% used [0x00000000eb980000,0x00000000eb980000,0x00000000f6280000)
  from space 10752K, 67% used [0x00000000f6280000,0x00000000f6997230,0x00000000f6d00000)
  to   space 11264K, 0% used [0x00000000fac00000,0x00000000fac00000,0x00000000fb700000)
 ParOldGen       total 28672K, used 15124K [0x00000000c2c00000, 0x00000000c4800000, 0x00000000eb980000)
  object space 28672K, 52% used [0x00000000c2c00000,0x00000000c3ac5250,0x00000000c4800000)
 Metaspace       used 34363K, capacity 35370K, committed 35496K, reserved 1079296K
  class space    used 4440K, capacity 4702K, committed 4776K, reserved 1048576K
Event: 16.151 GC heap after
Heap after GC invocations=13 (full 2):
 PSYoungGen      total 183808K, used 0K [0x00000000eb980000, 0x00000000fb700000, 0x0000000100000000)
  eden space 173056K, 0% used [0x00000000eb980000,0x00000000eb980000,0x00000000f6280000)
  from space 10752K, 0% used [0x00000000f6280000,0x00000000f6280000,0x00000000f6d00000)
  to   space 11264K, 0% used [0x00000000fac00000,0x00000000fac00000,0x00000000fb700000)
 ParOldGen       total 52736K, used 17685K [0x00000000c2c00000, 0x00000000c5f80000, 0x00000000eb980000)
  object space 52736K, 33% used [0x00000000c2c00000,0x00000000c3d45688,0x00000000c5f80000)
 Metaspace       used 34363K, capacity 35370K, committed 35496K, reserved 1079296K
  class space    used 4440K, capacity 4702K, committed 4776K, reserved 1048576K
}
Event: 19.974 GC heap before
{Heap before GC invocations=14 (full 2):
 PSYoungGen      total 183808K, used 173056K [0x00000000eb980000, 0x00000000fb700000, 0x0000000100000000)
  eden space 173056K, 100% used [0x00000000eb980000,0x00000000f6280000,0x00000000f6280000)
  from space 10752K, 0% used [0x00000000f6280000,0x00000000f6280000,0x00000000f6d00000)
  to   space 11264K, 0% used [0x00000000fac00000,0x00000000fac00000,0x00000000fb700000)
 ParOldGen       total 52736K, used 17685K [0x00000000c2c00000, 0x00000000c5f80000, 0x00000000eb980000)
  object space 52736K, 33% used [0x00000000c2c00000,0x00000000c3d45688,0x00000000c5f80000)
 Metaspace       used 39852K, capacity 41326K, committed 41640K, reserved 1085440K
  class space    used 5142K, capacity 5438K, committed 5544K, reserved 1048576K
Event: 20.015 GC heap after
Heap after GC invocations=14 (full 2):
 PSYoungGen      total 241664K, used 10820K [0x00000000eb980000, 0x00000000fb700000, 0x0000000100000000)
  eden space 230400K, 0% used [0x00000000eb980000,0x00000000eb980000,0x00000000f9a80000)
  from space 11264K, 96% used [0x00000000fac00000,0x00000000fb691040,0x00000000fb700000)
  to   space 12288K, 0% used [0x00000000f9f00000,0x00000000f9f00000,0x00000000fab00000)
 ParOldGen       total 52736K, used 17693K [0x00000000c2c00000, 0x00000000c5f80000, 0x00000000eb980000)
  object space 52736K, 33% used [0x00000000c2c00000,0x00000000c3d47688,0x00000000c5f80000)
 Metaspace       used 39852K, capacity 41326K, committed 41640K, reserved 1085440K
  class space    used 5142K, capacity 5438K, committed 5544K, reserved 1048576K
}
Event: 29.908 GC heap before
{Heap before GC invocations=15 (full 2):
 PSYoungGen      total 241664K, used 241220K [0x00000000eb980000, 0x00000000fb700000, 0x0000000100000000)
  eden space 230400K, 100% used [0x00000000eb980000,0x00000000f9a80000,0x00000000f9a80000)
  from space 11264K, 96% used [0x00000000fac00000,0x00000000fb691040,0x00000000fb700000)
  to   space 12288K, 0% used [0x00000000f9f00000,0x00000000f9f00000,0x00000000fab00000)
 ParOldGen       total 52736K, used 17693K [0x00000000c2c00000, 0x00000000c5f80000, 0x00000000eb980000)
  object space 52736K, 33% used [0x00000000c2c00000,0x00000000c3d47688,0x00000000c5f80000)
 Metaspace       used 50321K, capacity 52146K, committed 52392K, reserved 1095680K
  class space    used 6700K, capacity 7054K, committed 7080K, reserved 1048576K

